<?xml version="1.0" encoding="UTF-8"?>
<!-- Generated by org.testng.reporters.JUnitReportReporter -->
<testsuite skipped="0" hostname="DESKTOP-UPEAK5E" name="basePackage.ExcelFile" tests="2" failures="0" timestamp="2020-11-18T22:30:57 IST" time="1.216" errors="0">
  <testcase name="WritingExcel" time="0.247" classname="basePackage.ExcelFile"/>
  <system-out/>
  <testcase name="ReadingExcel" time="0.969" classname="basePackage.ExcelFile"/>
  <system-out/>
</testsuite> <!-- basePackage.ExcelFile -->
